[2026-06-19 08:39:02 UTC] OK to=maks.nefedov123@gmail.com subject=Тестовое письмо CoreDev
[2026-06-19 10:29:45 UTC] OK to=maks.nefedov123@gmail.com subject=Сброс пароля CoreDev
[2026-06-19 10:33:12 UTC] OK to=maks.nefedov123@gmail.com subject=Сброс пароля CoreDev
[2026-06-19 10:40:56 UTC] OK to=maks.nefedov123@gmail.com subject=Сброс пароля CoreDev
[2026-06-19 10:45:50 UTC] OK to=maks.nefedov123@gmail.com subject=Сброс пароля CoreDev
[2026-06-19 10:49:28 UTC] OK to=maks.nefedov123@gmail.com subject=Сброс пароля CoreDev
[2026-06-19 10:53:29 UTC] OK to=legendsbgmo@gmail.com subject=Сброс пароля CoreDev
[2026-06-19 10:54:40 UTC] OK to=legendsbgmo@gmail.com subject=Сброс пароля CoreDev
[2026-06-19 10:58:48 UTC] OK to=maks.nefedov123@gmail.com subject=Сброс пароля CoreDev
[2026-06-19 10:59:08 UTC] OK to=maks.nefedov123@gmail.com subject=Сброс пароля CoreDev
[2026-06-19 11:01:06 UTC] OK to=maks.nefedov123@gmail.com subject=Сброс пароля CoreDev
[2026-06-19 11:02:14 UTC] OK to=maks.nefedov123@gmail.com subject=Сброс пароля CoreDev
[2026-06-19 11:03:09 UTC] OK to=maks.nefedov123@gmail.com subject=Сброс пароля CoreDev
[2026-06-19 11:03:58 UTC] OK to=maks.nefedov123@gmail.com subject=Сброс пароля CoreDev
[2026-06-19 11:12:30 UTC] OK to=maks.nefedov123@gmail.com subject=Код подтверждения email CoreDev
[2026-06-19 11:13:57 UTC] OK to=maks.nefedov123@gmail.com subject=Код подтверждения email CoreDev
[2026-06-19 11:21:47 UTC] OK to=coredev90@gmail.com subject=Код подтверждения email CoreDev
[2026-06-19 11:24:44 UTC] OK to=maks.nefedov123@gmail.com subject=Код подтверждения email CoreDev
[2026-06-19 11:26:43 UTC] OK to=coredev90@gmail.com subject=Код подтверждения email CoreDev
[2026-06-19 11:31:08 UTC] OK to=gysgsdhcc@gmail.com subject=Код подтверждения email CoreDev
[2026-06-19 11:32:02 UTC] OK to=gysgsdhcc@gmail.com subject=Код подтверждения email CoreDev
[2026-06-19 11:32:40 UTC] OK to=gysgsdhcc@gmail.com subject=Код подтверждения email CoreDev
[2026-06-19 11:34:49 UTC] OK to=maks.nefedov123@gmail.com subject=Сброс пароля CoreDev
[2026-06-19 11:35:53 UTC] OK to=maks.nefedov1234@gmail.com subject=Код подтверждения email CoreDev
[2026-06-19 13:19:13 UTC] OK to=coredev90@gmail.com subject=Сброс пароля CoreDev
[2026-06-19 13:20:51 UTC] OK to=coredev90@gmail.com subject=Сброс пароля CoreDev
[2026-06-19 13:23:40 UTC] OK to=maks.nefedov123@gmail.com subject=Код подтверждения email CoreDev
[2026-06-19 20:14:06 UTC] OK to=asdasdasd@gmail.com subject=Код подтверждения email CoreDev
[2026-06-19 20:14:52 UTC] OK to=legendsbgmo@gmail.com subject=Код подтверждения email CoreDev
[2026-06-19 20:27:34 UTC] OK to=asdasdasd@gmail.com subject=Код подтверждения email CoreDev
